<?xml version="1.0" encoding="UTF-8"?>
<testng-results ignored="0" total="2" passed="2" failed="0" skipped="0">
  <reporter-output>
  </reporter-output>
  <suite started-at="2021-04-08T15:08:58 IST" name="Project_Java" finished-at="2021-04-08T15:10:02 IST" duration-ms="64312">
    <groups>
    </groups>
    <test started-at="2021-04-08T15:08:58 IST" name="Project_Java_Test" finished-at="2021-04-08T15:10:02 IST" duration-ms="64312">
      <class name="testscripts.Sanity_Check">
        <test-method is-config="true" signature="A_Setup_Screenshots_Directory()[pri:0, instance:testscripts.Sanity_Check@517566b]" started-at="2021-04-08T15:08:58 IST" name="A_Setup_Screenshots_Directory" finished-at="2021-04-08T15:08:58 IST" duration-ms="26" status="PASS">
          <reporter-output>
          </reporter-output>
        </test-method> <!-- A_Setup_Screenshots_Directory -->
        <test-method is-config="true" signature="B_Create_New_Results_Sheet()[pri:0, instance:testscripts.Sanity_Check@517566b]" started-at="2021-04-08T15:08:58 IST" name="B_Create_New_Results_Sheet" finished-at="2021-04-08T15:08:58 IST" duration-ms="167" status="PASS">
          <reporter-output>
          </reporter-output>
        </test-method> <!-- B_Create_New_Results_Sheet -->
        <test-method is-config="true" signature="C_Get_Project_Suite_Details(org.testng.ITestContext)[pri:0, instance:testscripts.Sanity_Check@517566b]" started-at="2021-04-08T15:08:58 IST" name="C_Get_Project_Suite_Details" finished-at="2021-04-08T15:08:58 IST" duration-ms="3" status="PASS">
          <params>
            <param index="0">
              <value>
                <![CDATA[org.testng.TestRunner@1e469dfd]]>
              </value>
            </param>
          </params>
          <reporter-output>
          </reporter-output>
        </test-method> <!-- C_Get_Project_Suite_Details -->
        <test-method is-config="true" signature="launch_browser()[pri:0, instance:testscripts.Sanity_Check@517566b]" started-at="2021-04-08T15:08:58 IST" name="launch_browser" finished-at="2021-04-08T15:09:05 IST" duration-ms="7052" status="PASS">
          <reporter-output>
          </reporter-output>
        </test-method> <!-- launch_browser -->
        <test-method is-config="true" signature="write_MethodNameBefore(org.testng.ITestResult)[pri:0, instance:testscripts.Sanity_Check@517566b]" started-at="2021-04-08T15:09:05 IST" name="write_MethodNameBefore" finished-at="2021-04-08T15:09:05 IST" duration-ms="0" status="PASS">
          <params>
            <param index="0">
              <value>
                <![CDATA[[TestResult name={null} status=CREATED method=Sanity_Check.Application_Login_Check()[pri:0, instance:testscripts.Sanity_Check@517566b] output={null}]]]>
              </value>
            </param>
          </params>
          <reporter-output>
          </reporter-output>
        </test-method> <!-- write_MethodNameBefore -->
        <test-method signature="Application_Login_Check()[pri:0, instance:testscripts.Sanity_Check@517566b]" started-at="2021-04-08T15:09:05 IST" name="Application_Login_Check" finished-at="2021-04-08T15:09:18 IST" duration-ms="12856" status="PASS">
          <reporter-output>
          </reporter-output>
        </test-method> <!-- Application_Login_Check -->
        <test-method is-config="true" signature="write_MethodNameAfter(org.testng.ITestResult)[pri:0, instance:testscripts.Sanity_Check@517566b]" started-at="2021-04-08T15:09:18 IST" name="write_MethodNameAfter" finished-at="2021-04-08T15:09:18 IST" duration-ms="0" status="PASS">
          <params>
            <param index="0">
              <value>
                <![CDATA[[TestResult name=Application_Login_Check status=SUCCESS method=Sanity_Check.Application_Login_Check()[pri:0, instance:testscripts.Sanity_Check@517566b] output={null}]]]>
              </value>
            </param>
          </params>
          <reporter-output>
          </reporter-output>
        </test-method> <!-- write_MethodNameAfter -->
        <test-method signature="Launch_Youtube()[pri:1, instance:testscripts.Sanity_Check@517566b]" started-at="2021-04-08T15:09:18 IST" name="Launch_Youtube" finished-at="2021-04-08T15:10:02 IST" duration-ms="44379" status="PASS">
          <reporter-output>
          </reporter-output>
        </test-method> <!-- Launch_Youtube -->
        <test-method is-config="true" signature="write_MethodNameBefore(org.testng.ITestResult)[pri:0, instance:testscripts.Sanity_Check@517566b]" started-at="2021-04-08T15:09:18 IST" name="write_MethodNameBefore" finished-at="2021-04-08T15:09:18 IST" duration-ms="0" status="PASS">
          <params>
            <param index="0">
              <value>
                <![CDATA[[TestResult name={null} status=CREATED method=Sanity_Check.Launch_Youtube()[pri:1, instance:testscripts.Sanity_Check@517566b] output={null}]]]>
              </value>
            </param>
          </params>
          <reporter-output>
          </reporter-output>
        </test-method> <!-- write_MethodNameBefore -->
        <test-method is-config="true" signature="write_MethodNameAfter(org.testng.ITestResult)[pri:0, instance:testscripts.Sanity_Check@517566b]" started-at="2021-04-08T15:10:02 IST" name="write_MethodNameAfter" finished-at="2021-04-08T15:10:02 IST" duration-ms="0" status="PASS">
          <params>
            <param index="0">
              <value>
                <![CDATA[[TestResult name=Launch_Youtube status=SUCCESS method=Sanity_Check.Launch_Youtube()[pri:1, instance:testscripts.Sanity_Check@517566b] output={null}]]]>
              </value>
            </param>
          </params>
          <reporter-output>
          </reporter-output>
        </test-method> <!-- write_MethodNameAfter -->
        <test-method is-config="true" signature="B_Send_Email()[pri:0, instance:testscripts.Sanity_Check@517566b]" started-at="2021-04-08T15:10:03 IST" name="B_Send_Email" finished-at="2021-04-08T15:10:29 IST" duration-ms="26211" status="PASS">
          <reporter-output>
          </reporter-output>
        </test-method> <!-- B_Send_Email -->
        <test-method is-config="true" signature="C_Update_Results_To_DB()[pri:0, instance:testscripts.Sanity_Check@517566b]" started-at="2021-04-08T15:10:29 IST" name="C_Update_Results_To_DB" finished-at="2021-04-08T15:10:29 IST" duration-ms="200" status="PASS">
          <reporter-output>
          </reporter-output>
        </test-method> <!-- C_Update_Results_To_DB -->
      </class> <!-- testscripts.Sanity_Check -->
    </test> <!-- Project_Java_Test -->
  </suite> <!-- Project_Java -->
</testng-results>
