<?xml version="1.0" encoding="UTF-8"?>
<!-- Generated by org.testng.reporters.JUnitXMLReporter -->
<testsuite ignored="0" hostname="RYARRAGPF13G3GG" failures="0" tests="3" name="01:QG Supplier Exchange Check" time="220.845" errors="0" timestamp="2021-01-21T12:38:09 IST">
  <testcase classname="testscripts.Health_Check" name="Launch_Gmail" time="170.293"/>
  <testcase classname="testscripts.Health_Check" name="Launch_Youtube" time="29.39"/>
  <testcase classname="testscripts.Health_Check" name="Launch_Google_Maps" time="14.037"/>
</testsuite> <!-- 01:QG Supplier Exchange Check -->
